-------------------------------------------------------------------------
 Datetime - 2023-02-10 16:30:38,726 & Filename - werkzeug & Type - WARNING 
-------------------------------------------------------------------------
  * Running on all addresses.
   WARNING: This is a development server. Do not use it in a production deployment.
-------------------------------------------------------------------------
 Datetime - 2023-02-10 16:30:38,727 & Filename - werkzeug & Type - INFO 
-------------------------------------------------------------------------
  * Running on http://192.168.0.125:2018/ (Press CTRL+C to quit)
-------------------------------------------------------------------------
 Datetime - 2023-02-10 16:30:51,010 & Filename - werkzeug & Type - INFO 
-------------------------------------------------------------------------
 127.0.0.1 - - [10/Feb/2023 16:30:51] "POST /recon_virtualMatch_customModel HTTP/1.1" 200 -
-------------------------------------------------------------------------
 Datetime - 2023-02-10 16:30:51,195 & Filename - Recon_virtualMatch_app & Type - INFO 
-------------------------------------------------------------------------
 ACC NO = 0004372330001, API_EXECUTION_ID = 1
-------------------------------------------------------------------------
 Datetime - 2023-02-10 16:30:51,332 & Filename - Recon_virtualMatch_app & Type - INFO 
-------------------------------------------------------------------------
 Success
-------------------------------------------------------------------------
 Datetime - 2023-02-10 16:30:51,344 & Filename - Recon_virtualMatch_app & Type - INFO 
-------------------------------------------------------------------------
 ACC NO = 0004366490004, API_EXECUTION_ID = 1
-------------------------------------------------------------------------
 Datetime - 2023-02-10 16:30:51,519 & Filename - Recon_virtualMatch_app & Type - INFO 
-------------------------------------------------------------------------
 GL Unmatched = 2 , RE Unmatched = 7, Total Combination= 9
-------------------------------------------------------------------------
 Datetime - 2023-02-10 16:30:51,579 & Filename - Recon_virtualMatch_app & Type - INFO 
-------------------------------------------------------------------------
 Success
-------------------------------------------------------------------------
 Datetime - 2023-02-10 16:30:51,594 & Filename - Recon_virtualMatch_app & Type - INFO 
-------------------------------------------------------------------------
 ACC NO = 0004366494001, API_EXECUTION_ID = 1
-------------------------------------------------------------------------
 Datetime - 2023-02-10 16:30:51,833 & Filename - Recon_virtualMatch_app & Type - INFO 
-------------------------------------------------------------------------
 GL Unmatched = 26 , RE Unmatched = 19, Total Combination= 6250000
-------------------------------------------------------------------------
 Datetime - 2023-02-10 16:34:10,243 & Filename - werkzeug & Type - WARNING 
-------------------------------------------------------------------------
  * Running on all addresses.
   WARNING: This is a development server. Do not use it in a production deployment.
-------------------------------------------------------------------------
 Datetime - 2023-02-10 16:34:10,243 & Filename - werkzeug & Type - INFO 
-------------------------------------------------------------------------
  * Running on http://192.168.0.125:2018/ (Press CTRL+C to quit)
-------------------------------------------------------------------------
 Datetime - 2023-02-10 16:34:13,521 & Filename - Recon_virtualMatch_app & Type - ERROR 
-------------------------------------------------------------------------
 400 Bad Request: The browser (or proxy) sent a request that this server could not understand.
Traceback (most recent call last):
  File "Recon_virtualMatch_app.py", line 69, in get_model_predictions
    process = Process(target = recon_background_function,daemon=True,args=(str(data['ID'])))
KeyError: 'ID'

During handling of the above exception, another exception occurred:

Traceback (most recent call last):
  File "/home/sabarish/.local/lib/python3.8/site-packages/flask/app.py", line 1516, in full_dispatch_request
    rv = self.dispatch_request()
  File "/home/sabarish/.local/lib/python3.8/site-packages/flask/app.py", line 1502, in dispatch_request
    return self.ensure_sync(self.view_functions[rule.endpoint])(**req.view_args)
  File "Recon_virtualMatch_app.py", line 73, in get_model_predictions
    abort(400)
  File "/home/sabarish/.local/lib/python3.8/site-packages/werkzeug/exceptions.py", line 940, in abort
    _aborter(status, *args, **kwargs)
  File "/home/sabarish/.local/lib/python3.8/site-packages/werkzeug/exceptions.py", line 923, in __call__
    raise self.mapping[code](*args, **kwargs)
werkzeug.exceptions.BadRequest: 400 Bad Request: The browser (or proxy) sent a request that this server could not understand.
-------------------------------------------------------------------------
 Datetime - 2023-02-10 16:34:13,523 & Filename - werkzeug & Type - INFO 
-------------------------------------------------------------------------
 127.0.0.1 - - [10/Feb/2023 16:34:13] "POST /recon_virtualMatch_customModel HTTP/1.1" 200 -
-------------------------------------------------------------------------
 Datetime - 2023-02-10 16:34:50,812 & Filename - werkzeug & Type - INFO 
-------------------------------------------------------------------------
 127.0.0.1 - - [10/Feb/2023 16:34:50] "POST /recon_virtualMatch_customModel HTTP/1.1" 200 -
-------------------------------------------------------------------------
 Datetime - 2023-02-10 16:34:50,995 & Filename - Recon_virtualMatch_app & Type - INFO 
-------------------------------------------------------------------------
 ACC NO = 0004372330001, API_EXECUTION_ID = 1
-------------------------------------------------------------------------
 Datetime - 2023-02-10 16:34:51,214 & Filename - Recon_virtualMatch_app & Type - INFO 
-------------------------------------------------------------------------
 Success
-------------------------------------------------------------------------
 Datetime - 2023-02-10 16:34:51,230 & Filename - Recon_virtualMatch_app & Type - INFO 
-------------------------------------------------------------------------
 ACC NO = 0004366490004, API_EXECUTION_ID = 1
-------------------------------------------------------------------------
 Datetime - 2023-02-10 16:34:51,410 & Filename - Recon_virtualMatch_app & Type - INFO 
-------------------------------------------------------------------------
 GL Unmatched = 2 , RE Unmatched = 7, Total Combination= 9
-------------------------------------------------------------------------
 Datetime - 2023-02-10 16:34:51,482 & Filename - Recon_virtualMatch_app & Type - INFO 
-------------------------------------------------------------------------
 Success
-------------------------------------------------------------------------
 Datetime - 2023-02-10 16:34:51,497 & Filename - Recon_virtualMatch_app & Type - INFO 
-------------------------------------------------------------------------
 ACC NO = 0004366494001, API_EXECUTION_ID = 1
-------------------------------------------------------------------------
 Datetime - 2023-02-10 16:34:51,807 & Filename - Recon_virtualMatch_app & Type - INFO 
-------------------------------------------------------------------------
 GL Unmatched = 26 , RE Unmatched = 19, Total Combination= 6250000
-------------------------------------------------------------------------
 Datetime - 2023-02-10 17:14:29,248 & Filename - Recon_virtualMatch_app & Type - INFO 
-------------------------------------------------------------------------
 Success
-------------------------------------------------------------------------
 Datetime - 2023-02-10 17:14:29,261 & Filename - Recon_virtualMatch_app & Type - INFO 
-------------------------------------------------------------------------
 ACC NO = 0004366490002, API_EXECUTION_ID = 1
-------------------------------------------------------------------------
 Datetime - 2023-02-10 17:14:29,362 & Filename - Recon_virtualMatch_app & Type - INFO 
-------------------------------------------------------------------------
 GL Unmatched = 2 , RE Unmatched = 13, Total Combination= 9
-------------------------------------------------------------------------
 Datetime - 2023-02-10 17:14:29,879 & Filename - Recon_virtualMatch_app & Type - INFO 
-------------------------------------------------------------------------
 Success
-------------------------------------------------------------------------
 Datetime - 2023-02-10 17:14:29,889 & Filename - Recon_virtualMatch_app & Type - INFO 
-------------------------------------------------------------------------
 ACC NO = 0004374954001, API_EXECUTION_ID = 1
-------------------------------------------------------------------------
 Datetime - 2023-02-10 17:14:29,991 & Filename - Recon_virtualMatch_app & Type - INFO 
-------------------------------------------------------------------------
 GL Unmatched = 2 , RE Unmatched = 21, Total Combination= 9
-------------------------------------------------------------------------
 Datetime - 2023-02-10 17:14:31,758 & Filename - Recon_virtualMatch_app & Type - INFO 
-------------------------------------------------------------------------
 Success
-------------------------------------------------------------------------
 Datetime - 2023-02-10 17:14:31,770 & Filename - Recon_virtualMatch_app & Type - INFO 
-------------------------------------------------------------------------
 ACC NO = 0004366494002, API_EXECUTION_ID = 1
-------------------------------------------------------------------------
 Datetime - 2023-02-10 17:14:31,884 & Filename - Recon_virtualMatch_app & Type - INFO 
-------------------------------------------------------------------------
 GL Unmatched = 5 , RE Unmatched = 3, Total Combination= 900
-------------------------------------------------------------------------
 Datetime - 2023-02-10 17:14:31,915 & Filename - Recon_virtualMatch_app & Type - INFO 
-------------------------------------------------------------------------
 Success
-------------------------------------------------------------------------
 Datetime - 2023-02-10 17:14:31,927 & Filename - Recon_virtualMatch_app & Type - INFO 
-------------------------------------------------------------------------
 ACC NO = 0004366494004, API_EXECUTION_ID = 1
-------------------------------------------------------------------------
 Datetime - 2023-02-10 17:14:32,034 & Filename - Recon_virtualMatch_app & Type - INFO 
-------------------------------------------------------------------------
 Success
-------------------------------------------------------------------------
 Datetime - 2023-02-10 17:14:32,044 & Filename - Recon_virtualMatch_app & Type - INFO 
-------------------------------------------------------------------------
 ACC NO = 0004366493001, API_EXECUTION_ID = 1
-------------------------------------------------------------------------
 Datetime - 2023-02-10 17:14:32,154 & Filename - Recon_virtualMatch_app & Type - INFO 
-------------------------------------------------------------------------
 GL Unmatched = 1 , RE Unmatched = 5, Total Combination= 1
-------------------------------------------------------------------------
 Datetime - 2023-02-10 17:14:32,161 & Filename - Recon_virtualMatch_app & Type - INFO 
-------------------------------------------------------------------------
 Success
-------------------------------------------------------------------------
 Datetime - 2023-02-10 17:14:32,172 & Filename - Recon_virtualMatch_app & Type - INFO 
-------------------------------------------------------------------------
 ACC NO = 0004366494003, API_EXECUTION_ID = 1
-------------------------------------------------------------------------
 Datetime - 2023-02-10 17:14:32,269 & Filename - Recon_virtualMatch_app & Type - INFO 
-------------------------------------------------------------------------
 Success
-------------------------------------------------------------------------
 Datetime - 2023-02-10 17:14:32,280 & Filename - Recon_virtualMatch_app & Type - INFO 
-------------------------------------------------------------------------
 ACC NO = 0004366492003, API_EXECUTION_ID = 1
-------------------------------------------------------------------------
 Datetime - 2023-02-10 17:14:32,375 & Filename - Recon_virtualMatch_app & Type - INFO 
-------------------------------------------------------------------------
 Success
-------------------------------------------------------------------------
 Datetime - 2023-02-10 17:14:32,384 & Filename - Recon_virtualMatch_app & Type - INFO 
-------------------------------------------------------------------------
 ACC NO = 0004366490006, API_EXECUTION_ID = 1
-------------------------------------------------------------------------
 Datetime - 2023-02-10 17:14:32,482 & Filename - Recon_virtualMatch_app & Type - INFO 
-------------------------------------------------------------------------
 Success
-------------------------------------------------------------------------
 Datetime - 2023-02-10 17:14:32,495 & Filename - Recon_virtualMatch_app & Type - INFO 
-------------------------------------------------------------------------
 ACC NO = 0004372331001, API_EXECUTION_ID = 1
-------------------------------------------------------------------------
 Datetime - 2023-02-10 17:14:32,619 & Filename - Recon_virtualMatch_app & Type - INFO 
-------------------------------------------------------------------------
 Success
-------------------------------------------------------------------------
 Datetime - 2023-02-10 17:14:32,627 & Filename - Recon_virtualMatch_app & Type - INFO 
-------------------------------------------------------------------------
 ACC NO = 0004366490003, API_EXECUTION_ID = 1
-------------------------------------------------------------------------
 Datetime - 2023-02-10 17:14:32,752 & Filename - Recon_virtualMatch_app & Type - INFO 
-------------------------------------------------------------------------
 Success
-------------------------------------------------------------------------
 Datetime - 2023-02-10 17:14:32,761 & Filename - Recon_virtualMatch_app & Type - INFO 
-------------------------------------------------------------------------
 ACC NO = 0004366490008, API_EXECUTION_ID = 1
-------------------------------------------------------------------------
 Datetime - 2023-02-10 17:14:32,866 & Filename - Recon_virtualMatch_app & Type - INFO 
-------------------------------------------------------------------------
 Success
-------------------------------------------------------------------------
 Datetime - 2023-02-10 17:14:32,878 & Filename - Recon_virtualMatch_app & Type - INFO 
-------------------------------------------------------------------------
 ACC NO = 0004386975001, API_EXECUTION_ID = 1
-------------------------------------------------------------------------
 Datetime - 2023-02-10 17:14:32,978 & Filename - Recon_virtualMatch_app & Type - INFO 
-------------------------------------------------------------------------
 Success
-------------------------------------------------------------------------
 Datetime - 2023-02-10 17:14:32,989 & Filename - Recon_virtualMatch_app & Type - INFO 
-------------------------------------------------------------------------
 ACC NO = 0004366499002, API_EXECUTION_ID = 1
-------------------------------------------------------------------------
 Datetime - 2023-02-10 17:14:33,096 & Filename - Recon_virtualMatch_app & Type - INFO 
-------------------------------------------------------------------------
 Success
-------------------------------------------------------------------------
 Datetime - 2023-02-10 17:14:33,108 & Filename - Recon_virtualMatch_app & Type - INFO 
-------------------------------------------------------------------------
 ACC NO = 0052290639002, API_EXECUTION_ID = 1
-------------------------------------------------------------------------
 Datetime - 2023-02-10 17:14:33,225 & Filename - Recon_virtualMatch_app & Type - INFO 
-------------------------------------------------------------------------
 Success
-------------------------------------------------------------------------
 Datetime - 2023-02-10 18:04:22,510 & Filename - werkzeug & Type - WARNING 
-------------------------------------------------------------------------
  * Running on all addresses.
   WARNING: This is a development server. Do not use it in a production deployment.
-------------------------------------------------------------------------
 Datetime - 2023-02-10 18:04:22,510 & Filename - werkzeug & Type - INFO 
-------------------------------------------------------------------------
  * Running on http://192.168.0.125:2018/ (Press CTRL+C to quit)
-------------------------------------------------------------------------
 Datetime - 2023-02-10 18:04:26,132 & Filename - werkzeug & Type - INFO 
-------------------------------------------------------------------------
 127.0.0.1 - - [10/Feb/2023 18:04:26] "POST /recon_virtualMatch_customModel HTTP/1.1" 200 -
-------------------------------------------------------------------------
 Datetime - 2023-02-10 18:04:26,240 & Filename - Recon_virtualMatch_app & Type - INFO 
-------------------------------------------------------------------------
 ACC NO = 0004372330001, API_EXECUTION_ID = 1
-------------------------------------------------------------------------
 Datetime - 2023-02-10 18:04:26,337 & Filename - Recon_virtualMatch_app & Type - INFO 
-------------------------------------------------------------------------
 Success
-------------------------------------------------------------------------
 Datetime - 2023-02-10 18:04:26,348 & Filename - Recon_virtualMatch_app & Type - INFO 
-------------------------------------------------------------------------
 ACC NO = 0004366490004, API_EXECUTION_ID = 1
-------------------------------------------------------------------------
 Datetime - 2023-02-10 18:04:26,437 & Filename - Recon_virtualMatch_app & Type - INFO 
-------------------------------------------------------------------------
 GL Unmatched = 2 , RE Unmatched = 7, Total Combination= 9
-------------------------------------------------------------------------
 Datetime - 2023-02-10 18:04:26,471 & Filename - Recon_virtualMatch_app & Type - INFO 
-------------------------------------------------------------------------
 Success
-------------------------------------------------------------------------
 Datetime - 2023-02-10 18:04:26,485 & Filename - Recon_virtualMatch_app & Type - INFO 
-------------------------------------------------------------------------
 ACC NO = 0004366494001, API_EXECUTION_ID = 1
-------------------------------------------------------------------------
 Datetime - 2023-02-10 18:04:26,655 & Filename - Recon_virtualMatch_app & Type - INFO 
-------------------------------------------------------------------------
 GL Unmatched = 26 , RE Unmatched = 19, Total Combination= 6250000
-------------------------------------------------------------------------
 Datetime - 2023-02-10 18:11:08,637 & Filename - werkzeug & Type - WARNING 
-------------------------------------------------------------------------
  * Running on all addresses.
   WARNING: This is a development server. Do not use it in a production deployment.
-------------------------------------------------------------------------
 Datetime - 2023-02-10 18:11:08,637 & Filename - werkzeug & Type - INFO 
-------------------------------------------------------------------------
  * Running on http://192.168.0.125:2018/ (Press CTRL+C to quit)
-------------------------------------------------------------------------
 Datetime - 2023-02-10 18:11:10,678 & Filename - werkzeug & Type - INFO 
-------------------------------------------------------------------------
 127.0.0.1 - - [10/Feb/2023 18:11:10] "POST /recon_virtualMatch_customModel HTTP/1.1" 200 -
-------------------------------------------------------------------------
 Datetime - 2023-02-10 18:11:10,787 & Filename - Recon_virtualMatch_app & Type - INFO 
-------------------------------------------------------------------------
 ACC NO = 0004372330001, API_EXECUTION_ID = 1
-------------------------------------------------------------------------
 Datetime - 2023-02-10 18:11:10,873 & Filename - Recon_virtualMatch_app & Type - INFO 
-------------------------------------------------------------------------
 Success
-------------------------------------------------------------------------
 Datetime - 2023-02-10 18:11:10,886 & Filename - Recon_virtualMatch_app & Type - INFO 
-------------------------------------------------------------------------
 ACC NO = 0004366490004, API_EXECUTION_ID = 1
-------------------------------------------------------------------------
 Datetime - 2023-02-10 18:11:10,982 & Filename - Recon_virtualMatch_app & Type - INFO 
-------------------------------------------------------------------------
 GL Unmatched = 2 , RE Unmatched = 7, Total Combination= 9
-------------------------------------------------------------------------
 Datetime - 2023-02-10 18:11:11,022 & Filename - Recon_virtualMatch_app & Type - INFO 
-------------------------------------------------------------------------
 Success
-------------------------------------------------------------------------
 Datetime - 2023-02-10 18:11:11,034 & Filename - Recon_virtualMatch_app & Type - INFO 
-------------------------------------------------------------------------
 ACC NO = 0004366494001, API_EXECUTION_ID = 1
-------------------------------------------------------------------------
 Datetime - 2023-02-10 18:11:11,197 & Filename - Recon_virtualMatch_app & Type - INFO 
-------------------------------------------------------------------------
 GL Unmatched = 26 , RE Unmatched = 19, Total Combination= 6250000
-------------------------------------------------------------------------
 Datetime - 2023-02-13 18:20:09,367 & Filename - werkzeug & Type - WARNING 
-------------------------------------------------------------------------
  * Running on all addresses.
   WARNING: This is a development server. Do not use it in a production deployment.
-------------------------------------------------------------------------
 Datetime - 2023-02-13 18:20:09,369 & Filename - werkzeug & Type - INFO 
-------------------------------------------------------------------------
  * Running on http://192.168.0.125:2018/ (Press CTRL+C to quit)
-------------------------------------------------------------------------
 Datetime - 2023-02-13 18:21:30,847 & Filename - werkzeug & Type - INFO 
-------------------------------------------------------------------------
 127.0.0.1 - - [13/Feb/2023 18:21:30] "POST /recon_virtualMatch_customModel HTTP/1.1" 200 -
-------------------------------------------------------------------------
 Datetime - 2023-02-13 18:21:31,041 & Filename - Recon_virtualMatch_app & Type - INFO 
-------------------------------------------------------------------------
 ACC NO = 0004372330001, API_EXECUTION_ID = 1
-------------------------------------------------------------------------
 Datetime - 2023-02-13 18:21:31,438 & Filename - Recon_virtualMatch_app & Type - INFO 
-------------------------------------------------------------------------
 Success
-------------------------------------------------------------------------
 Datetime - 2023-02-13 18:21:31,455 & Filename - Recon_virtualMatch_app & Type - INFO 
-------------------------------------------------------------------------
 ACC NO = 0004366490004, API_EXECUTION_ID = 1
-------------------------------------------------------------------------
 Datetime - 2023-02-13 18:21:31,577 & Filename - Recon_virtualMatch_app & Type - INFO 
-------------------------------------------------------------------------
 GL Unmatched = 2 , RE Unmatched = 7, Total Combination= 9
-------------------------------------------------------------------------
 Datetime - 2023-02-13 18:21:31,609 & Filename - Recon_virtualMatch_app & Type - INFO 
-------------------------------------------------------------------------
 Success
-------------------------------------------------------------------------
 Datetime - 2023-02-13 18:21:31,618 & Filename - Recon_virtualMatch_app & Type - INFO 
-------------------------------------------------------------------------
 ACC NO = 0004366494001, API_EXECUTION_ID = 1
-------------------------------------------------------------------------
 Datetime - 2023-02-13 18:21:31,797 & Filename - Recon_virtualMatch_app & Type - INFO 
-------------------------------------------------------------------------
 GL Unmatched = 26 , RE Unmatched = 19, Total Combination= 6250000
